--------------- Rebuild Started: 04/27/2023 16:07:22 Project: CAN_BUS, Configuration: ARM GCC 5.4-2016-q2-update Debug ---------------
Deleting file ".\CortexM0\ARM_GCC_541\Debug\main.o"
Deleting file ".\CortexM0\ARM_GCC_541\Debug\cyfitter_cfg.o"
Deleting file ".\CortexM0\ARM_GCC_541\Debug\cymetadata.o"
Deleting file ".\CortexM0\ARM_GCC_541\Debug\CAN.o"
Deleting file ".\CortexM0\ARM_GCC_541\Debug\CAN_INT.o"
Deleting file ".\CortexM0\ARM_GCC_541\Debug\CAN_PM.o"
Deleting file ".\CortexM0\ARM_GCC_541\Debug\CAN_TX_RX_func.o"
Deleting file ".\CortexM0\ARM_GCC_541\Debug\CAN_isr.o"
Deleting file ".\CortexM0\ARM_GCC_541\Debug\CAN_HFCLK.o"
Deleting file ".\CortexM0\ARM_GCC_541\Debug\Cm0Start.o"
Deleting file ".\CortexM0\ARM_GCC_541\Debug\CyFlash.o"
Deleting file ".\CortexM0\ARM_GCC_541\Debug\CyLib.o"
Deleting file ".\CortexM0\ARM_GCC_541\Debug\cyPm.o"
Deleting file ".\CortexM0\ARM_GCC_541\Debug\cyutils.o"
Deleting file ".\CortexM0\ARM_GCC_541\Debug\CyBootAsmGnu.o"
Deleting file ".\CortexM0\ARM_GCC_541\Debug\CyDMA.o"
Deleting file ".\CortexM0\ARM_GCC_541\Debug\CyLFClk.o"
Deleting file ".\CortexM0\ARM_GCC_541\Debug\cy_em_eeprom.o"
Deleting file ".\CortexM0\ARM_GCC_541\Debug\RightBlinker_BTN.o"
Deleting file ".\CortexM0\ARM_GCC_541\Debug\RightBlinker_BTN_PM.o"
Deleting file ".\CortexM0\ARM_GCC_541\Debug\LeftBlinker_BTN.o"
Deleting file ".\CortexM0\ARM_GCC_541\Debug\LeftBlinker_BTN_PM.o"
Deleting file ".\CortexM0\ARM_GCC_541\Debug\Hazard_BTN.o"
Deleting file ".\CortexM0\ARM_GCC_541\Debug\Hazard_BTN_PM.o"
Deleting file ".\CortexM0\ARM_GCC_541\Debug\HeadLights_BTN.o"
Deleting file ".\CortexM0\ARM_GCC_541\Debug\HeadLights_BTN_PM.o"
Deleting file ".\CortexM0\ARM_GCC_541\Debug\Brake_SW.o"
Deleting file ".\CortexM0\ARM_GCC_541\Debug\Brake_SW_PM.o"
Deleting file ".\CortexM0\ARM_GCC_541\Debug\FrontLeftBlinker.o"
Deleting file ".\CortexM0\ARM_GCC_541\Debug\FrontLeftBlinker_PM.o"
Deleting file ".\CortexM0\ARM_GCC_541\Debug\FrontRightBlinker.o"
Deleting file ".\CortexM0\ARM_GCC_541\Debug\FrontRightBlinker_PM.o"
Deleting file ".\CortexM0\ARM_GCC_541\Debug\HeadLights.o"
Deleting file ".\CortexM0\ARM_GCC_541\Debug\HeadLights_PM.o"
Deleting file ".\CortexM0\ARM_GCC_541\Debug\RearLeftBrake.o"
Deleting file ".\CortexM0\ARM_GCC_541\Debug\RearLeftBrake_PM.o"
Deleting file ".\CortexM0\ARM_GCC_541\Debug\RearRightBrake.o"
Deleting file ".\CortexM0\ARM_GCC_541\Debug\RearRightBrake_PM.o"
Deleting file ".\CortexM0\ARM_GCC_541\Debug\RearCenterBrake.o"
Deleting file ".\CortexM0\ARM_GCC_541\Debug\RearCenterBrake_PM.o"
Deleting file ".\CortexM0\ARM_GCC_541\Debug\Clock.o"
Deleting file ".\CortexM0\ARM_GCC_541\Debug\RX.o"
Deleting file ".\CortexM0\ARM_GCC_541\Debug\RX_PM.o"
Deleting file ".\CortexM0\ARM_GCC_541\Debug\TX.o"
Deleting file ".\CortexM0\ARM_GCC_541\Debug\TX_PM.o"
Deleting file ".\CortexM0\ARM_GCC_541\Debug\RightBlinkers.o"
Deleting file ".\CortexM0\ARM_GCC_541\Debug\RightBlinkers_PM.o"
Deleting file ".\CortexM0\ARM_GCC_541\Debug\LeftBlinkers.o"
Deleting file ".\CortexM0\ARM_GCC_541\Debug\LeftBlinkers_PM.o"
Deleting file ".\CortexM0\ARM_GCC_541\Debug\Brakes.o"
Deleting file ".\CortexM0\ARM_GCC_541\Debug\Brakes_PM.o"
Deleting file ".\CortexM0\ARM_GCC_541\Debug\CAN_BUS.hex"
Deleting file ".\CortexM0\ARM_GCC_541\Debug\CAN_BUS.elf"
Deleting file ".\CortexM0\ARM_GCC_541\Debug\CAN_BUS.map"
Deleting file ".\CAN_BUS.cycdx"
Deleting file ".\CAN_BUS.svd"
Deleting file ".\CAN_BUS.rpt"
Deleting file ".\CAN_BUS_timing.html"
Deleting file ".\CortexM0\ARM_GCC_541\Debug\.deps\SOURCE_C__ARM_GCC_GENERIC.P"
Deleting file ".\CortexM0\ARM_GCC_541\Debug\.deps\SOURCE_ASM__ARM_GCC_GENERIC.P"
cydsfit.exe -.appdatapath "C:\Users\Jakob\AppData\Local\Cypress Semiconductor\PSoC Creator\4.4" -.fdsnotice -.fdswarpdepfile=warp_dependencies.txt -.fdselabdepfile=elab_dependencies.txt -.fdsbldfile=generated_files.txt -.fdsreffile=referenced_files.txt -p "C:\Users\Jakob\Documents\School Work\2 - SIUE\2022-23 - Sophomore Year\Spring Semester\ECE 381\Final Lab\CAN BUS\CAN_BUS\CAN_BUS.cydsn\CAN_BUS.cyprj" -d CY8C4247AZI-M485 -s "C:\Users\Jakob\Documents\School Work\2 - SIUE\2022-23 - Sophomore Year\Spring Semester\ECE 381\Final Lab\CAN BUS\CAN_BUS\CAN_BUS.cydsn\Generated_Source\PSoC4" -- -yv2 -q10 -ygs -o2 -v3 -.fftcfgtype=LE
Elaborating Design...
HDL Generation...
Synthesis...
Tech Mapping...
Analog Placement...
Analog Routing...
Analog Code Generation...
Digital Placement...
Digital Routing...
Bitstream Generation...
Bitstream Verification...
Static timing analysis...
API Generation...
Dependency Generation...
Cleanup...
arm-none-eabi-gcc.exe -mcpu=cortex-m0 -mthumb -I. -IGenerated_Source\PSoC4 -Wa,-alh=.\CortexM0\ARM_GCC_541\Debug/main.lst -g -D DEBUG -D CY_CORE_ID=0 -Wall -ffunction-sections -ffat-lto-objects -Og -c main.c -o .\CortexM0\ARM_GCC_541\Debug\main.o
main.c: In function 'main':
main.c:23:9: warning: unused variable 'count' [-Wunused-variable]
     int count = 0;
         ^
arm-none-eabi-gcc.exe -mcpu=cortex-m0 -mthumb -I. -IGenerated_Source\PSoC4 -Wa,-alh=.\CortexM0\ARM_GCC_541\Debug/cyfitter_cfg.lst -g -D DEBUG -D CY_CORE_ID=0 -Wall -ffunction-sections -ffat-lto-objects -Og -c Generated_Source\PSoC4\cyfitter_cfg.c -o .\CortexM0\ARM_GCC_541\Debug\cyfitter_cfg.o
arm-none-eabi-gcc.exe -mcpu=cortex-m0 -mthumb -I. -IGenerated_Source\PSoC4 -Wa,-alh=.\CortexM0\ARM_GCC_541\Debug/cymetadata.lst -g -D DEBUG -D CY_CORE_ID=0 -Wall -ffunction-sections -ffat-lto-objects -Og -c Generated_Source\PSoC4\cymetadata.c -o .\CortexM0\ARM_GCC_541\Debug\cymetadata.o
arm-none-eabi-gcc.exe -mcpu=cortex-m0 -mthumb -I. -IGenerated_Source\PSoC4 -Wa,-alh=.\CortexM0\ARM_GCC_541\Debug/CAN.lst -g -D DEBUG -D CY_CORE_ID=0 -Wall -ffunction-sections -ffat-lto-objects -Og -c Generated_Source\PSoC4\CAN.c -o .\CortexM0\ARM_GCC_541\Debug\CAN.o
arm-none-eabi-gcc.exe -mcpu=cortex-m0 -mthumb -I. -IGenerated_Source\PSoC4 -Wa,-alh=.\CortexM0\ARM_GCC_541\Debug/CAN_INT.lst -g -D DEBUG -D CY_CORE_ID=0 -Wall -ffunction-sections -ffat-lto-objects -Og -c Generated_Source\PSoC4\CAN_INT.c -o .\CortexM0\ARM_GCC_541\Debug\CAN_INT.o
arm-none-eabi-gcc.exe -mcpu=cortex-m0 -mthumb -I. -IGenerated_Source\PSoC4 -Wa,-alh=.\CortexM0\ARM_GCC_541\Debug/CAN_PM.lst -g -D DEBUG -D CY_CORE_ID=0 -Wall -ffunction-sections -ffat-lto-objects -Og -c Generated_Source\PSoC4\CAN_PM.c -o .\CortexM0\ARM_GCC_541\Debug\CAN_PM.o
arm-none-eabi-gcc.exe -mcpu=cortex-m0 -mthumb -I. -IGenerated_Source\PSoC4 -Wa,-alh=.\CortexM0\ARM_GCC_541\Debug/CAN_TX_RX_func.lst -g -D DEBUG -D CY_CORE_ID=0 -Wall -ffunction-sections -ffat-lto-objects -Og -c Generated_Source\PSoC4\CAN_TX_RX_func.c -o .\CortexM0\ARM_GCC_541\Debug\CAN_TX_RX_func.o
arm-none-eabi-gcc.exe -mcpu=cortex-m0 -mthumb -I. -IGenerated_Source\PSoC4 -Wa,-alh=.\CortexM0\ARM_GCC_541\Debug/CAN_isr.lst -g -D DEBUG -D CY_CORE_ID=0 -Wall -ffunction-sections -ffat-lto-objects -Og -c Generated_Source\PSoC4\CAN_isr.c -o .\CortexM0\ARM_GCC_541\Debug\CAN_isr.o
arm-none-eabi-gcc.exe -mcpu=cortex-m0 -mthumb -I. -IGenerated_Source\PSoC4 -Wa,-alh=.\CortexM0\ARM_GCC_541\Debug/CAN_HFCLK.lst -g -D DEBUG -D CY_CORE_ID=0 -Wall -ffunction-sections -ffat-lto-objects -Og -c Generated_Source\PSoC4\CAN_HFCLK.c -o .\CortexM0\ARM_GCC_541\Debug\CAN_HFCLK.o
arm-none-eabi-gcc.exe -mcpu=cortex-m0 -mthumb -I. -IGenerated_Source\PSoC4 -Wa,-alh=.\CortexM0\ARM_GCC_541\Debug/Cm0Start.lst -g -D DEBUG -D CY_CORE_ID=0 -Wall -ffunction-sections -ffat-lto-objects -Og -c Generated_Source\PSoC4\Cm0Start.c -o .\CortexM0\ARM_GCC_541\Debug\Cm0Start.o
arm-none-eabi-gcc.exe -mcpu=cortex-m0 -mthumb -I. -IGenerated_Source\PSoC4 -Wa,-alh=.\CortexM0\ARM_GCC_541\Debug/CyFlash.lst -g -D DEBUG -D CY_CORE_ID=0 -Wall -ffunction-sections -ffat-lto-objects -Og -c Generated_Source\PSoC4\CyFlash.c -o .\CortexM0\ARM_GCC_541\Debug\CyFlash.o
arm-none-eabi-gcc.exe -mcpu=cortex-m0 -mthumb -I. -IGenerated_Source\PSoC4 -Wa,-alh=.\CortexM0\ARM_GCC_541\Debug/CyLib.lst -g -D DEBUG -D CY_CORE_ID=0 -Wall -ffunction-sections -ffat-lto-objects -Og -c Generated_Source\PSoC4\CyLib.c -o .\CortexM0\ARM_GCC_541\Debug\CyLib.o
arm-none-eabi-gcc.exe -mcpu=cortex-m0 -mthumb -I. -IGenerated_Source\PSoC4 -Wa,-alh=.\CortexM0\ARM_GCC_541\Debug/cyPm.lst -g -D DEBUG -D CY_CORE_ID=0 -Wall -ffunction-sections -ffat-lto-objects -Og -c Generated_Source\PSoC4\cyPm.c -o .\CortexM0\ARM_GCC_541\Debug\cyPm.o
arm-none-eabi-gcc.exe -mcpu=cortex-m0 -mthumb -I. -IGenerated_Source\PSoC4 -Wa,-alh=.\CortexM0\ARM_GCC_541\Debug/cyutils.lst -g -D DEBUG -D CY_CORE_ID=0 -Wall -ffunction-sections -ffat-lto-objects -Og -c Generated_Source\PSoC4\cyutils.c -o .\CortexM0\ARM_GCC_541\Debug\cyutils.o
arm-none-eabi-gcc.exe -mcpu=cortex-m0 -mthumb -I. -IGenerated_Source\PSoC4 -Wa,-alh=.\CortexM0\ARM_GCC_541\Debug/CyDMA.lst -g -D DEBUG -D CY_CORE_ID=0 -Wall -ffunction-sections -ffat-lto-objects -Og -c Generated_Source\PSoC4\CyDMA.c -o .\CortexM0\ARM_GCC_541\Debug\CyDMA.o
arm-none-eabi-gcc.exe -mcpu=cortex-m0 -mthumb -I. -IGenerated_Source\PSoC4 -Wa,-alh=.\CortexM0\ARM_GCC_541\Debug/CyLFClk.lst -g -D DEBUG -D CY_CORE_ID=0 -Wall -ffunction-sections -ffat-lto-objects -Og -c Generated_Source\PSoC4\CyLFClk.c -o .\CortexM0\ARM_GCC_541\Debug\CyLFClk.o
arm-none-eabi-gcc.exe -mcpu=cortex-m0 -mthumb -I. -IGenerated_Source\PSoC4 -Wa,-alh=.\CortexM0\ARM_GCC_541\Debug/cy_em_eeprom.lst -g -D DEBUG -D CY_CORE_ID=0 -Wall -ffunction-sections -ffat-lto-objects -Og -c Generated_Source\PSoC4\cy_em_eeprom.c -o .\CortexM0\ARM_GCC_541\Debug\cy_em_eeprom.o
arm-none-eabi-gcc.exe -mcpu=cortex-m0 -mthumb -I. -IGenerated_Source\PSoC4 -Wa,-alh=.\CortexM0\ARM_GCC_541\Debug/RightBlinker_BTN.lst -g -D DEBUG -D CY_CORE_ID=0 -Wall -ffunction-sections -ffat-lto-objects -Og -c Generated_Source\PSoC4\RightBlinker_BTN.c -o .\CortexM0\ARM_GCC_541\Debug\RightBlinker_BTN.o
arm-none-eabi-gcc.exe -mcpu=cortex-m0 -mthumb -I. -IGenerated_Source\PSoC4 -Wa,-alh=.\CortexM0\ARM_GCC_541\Debug/RightBlinker_BTN_PM.lst -g -D DEBUG -D CY_CORE_ID=0 -Wall -ffunction-sections -ffat-lto-objects -Og -c Generated_Source\PSoC4\RightBlinker_BTN_PM.c -o .\CortexM0\ARM_GCC_541\Debug\RightBlinker_BTN_PM.o
arm-none-eabi-gcc.exe -mcpu=cortex-m0 -mthumb -I. -IGenerated_Source\PSoC4 -Wa,-alh=.\CortexM0\ARM_GCC_541\Debug/LeftBlinker_BTN.lst -g -D DEBUG -D CY_CORE_ID=0 -Wall -ffunction-sections -ffat-lto-objects -Og -c Generated_Source\PSoC4\LeftBlinker_BTN.c -o .\CortexM0\ARM_GCC_541\Debug\LeftBlinker_BTN.o
arm-none-eabi-gcc.exe -mcpu=cortex-m0 -mthumb -I. -IGenerated_Source\PSoC4 -Wa,-alh=.\CortexM0\ARM_GCC_541\Debug/LeftBlinker_BTN_PM.lst -g -D DEBUG -D CY_CORE_ID=0 -Wall -ffunction-sections -ffat-lto-objects -Og -c Generated_Source\PSoC4\LeftBlinker_BTN_PM.c -o .\CortexM0\ARM_GCC_541\Debug\LeftBlinker_BTN_PM.o
arm-none-eabi-gcc.exe -mcpu=cortex-m0 -mthumb -I. -IGenerated_Source\PSoC4 -Wa,-alh=.\CortexM0\ARM_GCC_541\Debug/Hazard_BTN.lst -g -D DEBUG -D CY_CORE_ID=0 -Wall -ffunction-sections -ffat-lto-objects -Og -c Generated_Source\PSoC4\Hazard_BTN.c -o .\CortexM0\ARM_GCC_541\Debug\Hazard_BTN.o
arm-none-eabi-gcc.exe -mcpu=cortex-m0 -mthumb -I. -IGenerated_Source\PSoC4 -Wa,-alh=.\CortexM0\ARM_GCC_541\Debug/Hazard_BTN_PM.lst -g -D DEBUG -D CY_CORE_ID=0 -Wall -ffunction-sections -ffat-lto-objects -Og -c Generated_Source\PSoC4\Hazard_BTN_PM.c -o .\CortexM0\ARM_GCC_541\Debug\Hazard_BTN_PM.o
arm-none-eabi-gcc.exe -mcpu=cortex-m0 -mthumb -I. -IGenerated_Source\PSoC4 -Wa,-alh=.\CortexM0\ARM_GCC_541\Debug/HeadLights_BTN.lst -g -D DEBUG -D CY_CORE_ID=0 -Wall -ffunction-sections -ffat-lto-objects -Og -c Generated_Source\PSoC4\HeadLights_BTN.c -o .\CortexM0\ARM_GCC_541\Debug\HeadLights_BTN.o
arm-none-eabi-gcc.exe -mcpu=cortex-m0 -mthumb -I. -IGenerated_Source\PSoC4 -Wa,-alh=.\CortexM0\ARM_GCC_541\Debug/HeadLights_BTN_PM.lst -g -D DEBUG -D CY_CORE_ID=0 -Wall -ffunction-sections -ffat-lto-objects -Og -c Generated_Source\PSoC4\HeadLights_BTN_PM.c -o .\CortexM0\ARM_GCC_541\Debug\HeadLights_BTN_PM.o
arm-none-eabi-gcc.exe -mcpu=cortex-m0 -mthumb -I. -IGenerated_Source\PSoC4 -Wa,-alh=.\CortexM0\ARM_GCC_541\Debug/Brake_SW.lst -g -D DEBUG -D CY_CORE_ID=0 -Wall -ffunction-sections -ffat-lto-objects -Og -c Generated_Source\PSoC4\Brake_SW.c -o .\CortexM0\ARM_GCC_541\Debug\Brake_SW.o
arm-none-eabi-gcc.exe -mcpu=cortex-m0 -mthumb -I. -IGenerated_Source\PSoC4 -Wa,-alh=.\CortexM0\ARM_GCC_541\Debug/Brake_SW_PM.lst -g -D DEBUG -D CY_CORE_ID=0 -Wall -ffunction-sections -ffat-lto-objects -Og -c Generated_Source\PSoC4\Brake_SW_PM.c -o .\CortexM0\ARM_GCC_541\Debug\Brake_SW_PM.o
arm-none-eabi-gcc.exe -mcpu=cortex-m0 -mthumb -I. -IGenerated_Source\PSoC4 -Wa,-alh=.\CortexM0\ARM_GCC_541\Debug/FrontLeftBlinker.lst -g -D DEBUG -D CY_CORE_ID=0 -Wall -ffunction-sections -ffat-lto-objects -Og -c Generated_Source\PSoC4\FrontLeftBlinker.c -o .\CortexM0\ARM_GCC_541\Debug\FrontLeftBlinker.o
arm-none-eabi-gcc.exe -mcpu=cortex-m0 -mthumb -I. -IGenerated_Source\PSoC4 -Wa,-alh=.\CortexM0\ARM_GCC_541\Debug/FrontLeftBlinker_PM.lst -g -D DEBUG -D CY_CORE_ID=0 -Wall -ffunction-sections -ffat-lto-objects -Og -c Generated_Source\PSoC4\FrontLeftBlinker_PM.c -o .\CortexM0\ARM_GCC_541\Debug\FrontLeftBlinker_PM.o
arm-none-eabi-gcc.exe -mcpu=cortex-m0 -mthumb -I. -IGenerated_Source\PSoC4 -Wa,-alh=.\CortexM0\ARM_GCC_541\Debug/FrontRightBlinker.lst -g -D DEBUG -D CY_CORE_ID=0 -Wall -ffunction-sections -ffat-lto-objects -Og -c Generated_Source\PSoC4\FrontRightBlinker.c -o .\CortexM0\ARM_GCC_541\Debug\FrontRightBlinker.o
arm-none-eabi-gcc.exe -mcpu=cortex-m0 -mthumb -I. -IGenerated_Source\PSoC4 -Wa,-alh=.\CortexM0\ARM_GCC_541\Debug/FrontRightBlinker_PM.lst -g -D DEBUG -D CY_CORE_ID=0 -Wall -ffunction-sections -ffat-lto-objects -Og -c Generated_Source\PSoC4\FrontRightBlinker_PM.c -o .\CortexM0\ARM_GCC_541\Debug\FrontRightBlinker_PM.o
arm-none-eabi-gcc.exe -mcpu=cortex-m0 -mthumb -I. -IGenerated_Source\PSoC4 -Wa,-alh=.\CortexM0\ARM_GCC_541\Debug/HeadLights.lst -g -D DEBUG -D CY_CORE_ID=0 -Wall -ffunction-sections -ffat-lto-objects -Og -c Generated_Source\PSoC4\HeadLights.c -o .\CortexM0\ARM_GCC_541\Debug\HeadLights.o
arm-none-eabi-gcc.exe -mcpu=cortex-m0 -mthumb -I. -IGenerated_Source\PSoC4 -Wa,-alh=.\CortexM0\ARM_GCC_541\Debug/HeadLights_PM.lst -g -D DEBUG -D CY_CORE_ID=0 -Wall -ffunction-sections -ffat-lto-objects -Og -c Generated_Source\PSoC4\HeadLights_PM.c -o .\CortexM0\ARM_GCC_541\Debug\HeadLights_PM.o
arm-none-eabi-gcc.exe -mcpu=cortex-m0 -mthumb -I. -IGenerated_Source\PSoC4 -Wa,-alh=.\CortexM0\ARM_GCC_541\Debug/RearLeftBrake.lst -g -D DEBUG -D CY_CORE_ID=0 -Wall -ffunction-sections -ffat-lto-objects -Og -c Generated_Source\PSoC4\RearLeftBrake.c -o .\CortexM0\ARM_GCC_541\Debug\RearLeftBrake.o
arm-none-eabi-gcc.exe -mcpu=cortex-m0 -mthumb -I. -IGenerated_Source\PSoC4 -Wa,-alh=.\CortexM0\ARM_GCC_541\Debug/RearLeftBrake_PM.lst -g -D DEBUG -D CY_CORE_ID=0 -Wall -ffunction-sections -ffat-lto-objects -Og -c Generated_Source\PSoC4\RearLeftBrake_PM.c -o .\CortexM0\ARM_GCC_541\Debug\RearLeftBrake_PM.o
arm-none-eabi-gcc.exe -mcpu=cortex-m0 -mthumb -I. -IGenerated_Source\PSoC4 -Wa,-alh=.\CortexM0\ARM_GCC_541\Debug/RearRightBrake.lst -g -D DEBUG -D CY_CORE_ID=0 -Wall -ffunction-sections -ffat-lto-objects -Og -c Generated_Source\PSoC4\RearRightBrake.c -o .\CortexM0\ARM_GCC_541\Debug\RearRightBrake.o
arm-none-eabi-gcc.exe -mcpu=cortex-m0 -mthumb -I. -IGenerated_Source\PSoC4 -Wa,-alh=.\CortexM0\ARM_GCC_541\Debug/RearRightBrake_PM.lst -g -D DEBUG -D CY_CORE_ID=0 -Wall -ffunction-sections -ffat-lto-objects -Og -c Generated_Source\PSoC4\RearRightBrake_PM.c -o .\CortexM0\ARM_GCC_541\Debug\RearRightBrake_PM.o
arm-none-eabi-gcc.exe -mcpu=cortex-m0 -mthumb -I. -IGenerated_Source\PSoC4 -Wa,-alh=.\CortexM0\ARM_GCC_541\Debug/RearCenterBrake.lst -g -D DEBUG -D CY_CORE_ID=0 -Wall -ffunction-sections -ffat-lto-objects -Og -c Generated_Source\PSoC4\RearCenterBrake.c -o .\CortexM0\ARM_GCC_541\Debug\RearCenterBrake.o
arm-none-eabi-gcc.exe -mcpu=cortex-m0 -mthumb -I. -IGenerated_Source\PSoC4 -Wa,-alh=.\CortexM0\ARM_GCC_541\Debug/RearCenterBrake_PM.lst -g -D DEBUG -D CY_CORE_ID=0 -Wall -ffunction-sections -ffat-lto-objects -Og -c Generated_Source\PSoC4\RearCenterBrake_PM.c -o .\CortexM0\ARM_GCC_541\Debug\RearCenterBrake_PM.o
arm-none-eabi-gcc.exe -mcpu=cortex-m0 -mthumb -I. -IGenerated_Source\PSoC4 -Wa,-alh=.\CortexM0\ARM_GCC_541\Debug/Clock.lst -g -D DEBUG -D CY_CORE_ID=0 -Wall -ffunction-sections -ffat-lto-objects -Og -c Generated_Source\PSoC4\Clock.c -o .\CortexM0\ARM_GCC_541\Debug\Clock.o
arm-none-eabi-gcc.exe -mcpu=cortex-m0 -mthumb -I. -IGenerated_Source\PSoC4 -Wa,-alh=.\CortexM0\ARM_GCC_541\Debug/RX.lst -g -D DEBUG -D CY_CORE_ID=0 -Wall -ffunction-sections -ffat-lto-objects -Og -c Generated_Source\PSoC4\RX.c -o .\CortexM0\ARM_GCC_541\Debug\RX.o
arm-none-eabi-gcc.exe -mcpu=cortex-m0 -mthumb -I. -IGenerated_Source\PSoC4 -Wa,-alh=.\CortexM0\ARM_GCC_541\Debug/RX_PM.lst -g -D DEBUG -D CY_CORE_ID=0 -Wall -ffunction-sections -ffat-lto-objects -Og -c Generated_Source\PSoC4\RX_PM.c -o .\CortexM0\ARM_GCC_541\Debug\RX_PM.o
arm-none-eabi-gcc.exe -mcpu=cortex-m0 -mthumb -I. -IGenerated_Source\PSoC4 -Wa,-alh=.\CortexM0\ARM_GCC_541\Debug/TX.lst -g -D DEBUG -D CY_CORE_ID=0 -Wall -ffunction-sections -ffat-lto-objects -Og -c Generated_Source\PSoC4\TX.c -o .\CortexM0\ARM_GCC_541\Debug\TX.o
arm-none-eabi-gcc.exe -mcpu=cortex-m0 -mthumb -I. -IGenerated_Source\PSoC4 -Wa,-alh=.\CortexM0\ARM_GCC_541\Debug/TX_PM.lst -g -D DEBUG -D CY_CORE_ID=0 -Wall -ffunction-sections -ffat-lto-objects -Og -c Generated_Source\PSoC4\TX_PM.c -o .\CortexM0\ARM_GCC_541\Debug\TX_PM.o
arm-none-eabi-gcc.exe -mcpu=cortex-m0 -mthumb -I. -IGenerated_Source\PSoC4 -Wa,-alh=.\CortexM0\ARM_GCC_541\Debug/RightBlinkers.lst -g -D DEBUG -D CY_CORE_ID=0 -Wall -ffunction-sections -ffat-lto-objects -Og -c Generated_Source\PSoC4\RightBlinkers.c -o .\CortexM0\ARM_GCC_541\Debug\RightBlinkers.o
arm-none-eabi-gcc.exe -mcpu=cortex-m0 -mthumb -I. -IGenerated_Source\PSoC4 -Wa,-alh=.\CortexM0\ARM_GCC_541\Debug/RightBlinkers_PM.lst -g -D DEBUG -D CY_CORE_ID=0 -Wall -ffunction-sections -ffat-lto-objects -Og -c Generated_Source\PSoC4\RightBlinkers_PM.c -o .\CortexM0\ARM_GCC_541\Debug\RightBlinkers_PM.o
arm-none-eabi-gcc.exe -mcpu=cortex-m0 -mthumb -I. -IGenerated_Source\PSoC4 -Wa,-alh=.\CortexM0\ARM_GCC_541\Debug/LeftBlinkers.lst -g -D DEBUG -D CY_CORE_ID=0 -Wall -ffunction-sections -ffat-lto-objects -Og -c Generated_Source\PSoC4\LeftBlinkers.c -o .\CortexM0\ARM_GCC_541\Debug\LeftBlinkers.o
arm-none-eabi-gcc.exe -mcpu=cortex-m0 -mthumb -I. -IGenerated_Source\PSoC4 -Wa,-alh=.\CortexM0\ARM_GCC_541\Debug/LeftBlinkers_PM.lst -g -D DEBUG -D CY_CORE_ID=0 -Wall -ffunction-sections -ffat-lto-objects -Og -c Generated_Source\PSoC4\LeftBlinkers_PM.c -o .\CortexM0\ARM_GCC_541\Debug\LeftBlinkers_PM.o
arm-none-eabi-gcc.exe -mcpu=cortex-m0 -mthumb -I. -IGenerated_Source\PSoC4 -Wa,-alh=.\CortexM0\ARM_GCC_541\Debug/Brakes.lst -g -D DEBUG -D CY_CORE_ID=0 -Wall -ffunction-sections -ffat-lto-objects -Og -c Generated_Source\PSoC4\Brakes.c -o .\CortexM0\ARM_GCC_541\Debug\Brakes.o
arm-none-eabi-gcc.exe -mcpu=cortex-m0 -mthumb -I. -IGenerated_Source\PSoC4 -Wa,-alh=.\CortexM0\ARM_GCC_541\Debug/Brakes_PM.lst -g -D DEBUG -D CY_CORE_ID=0 -Wall -ffunction-sections -ffat-lto-objects -Og -c Generated_Source\PSoC4\Brakes_PM.c -o .\CortexM0\ARM_GCC_541\Debug\Brakes_PM.o
arm-none-eabi-as.exe -mcpu=cortex-m0 -mthumb -I. -IGenerated_Source\PSoC4 -alh=.\CortexM0\ARM_GCC_541\Debug/CyBootAsmGnu.lst -g -W -o .\CortexM0\ARM_GCC_541\Debug\CyBootAsmGnu.o Generated_Source\PSoC4\CyBootAsmGnu.s
arm-none-eabi-ar.exe -rs .\CortexM0\ARM_GCC_541\Debug\CAN_BUS.a .\CortexM0\ARM_GCC_541\Debug\CAN.o .\CortexM0\ARM_GCC_541\Debug\CAN_INT.o .\CortexM0\ARM_GCC_541\Debug\CAN_PM.o .\CortexM0\ARM_GCC_541\Debug\CAN_TX_RX_func.o .\CortexM0\ARM_GCC_541\Debug\CAN_isr.o .\CortexM0\ARM_GCC_541\Debug\CAN_HFCLK.o .\CortexM0\ARM_GCC_541\Debug\CyFlash.o .\CortexM0\ARM_GCC_541\Debug\CyLib.o .\CortexM0\ARM_GCC_541\Debug\cyPm.o .\CortexM0\ARM_GCC_541\Debug\cyutils.o .\CortexM0\ARM_GCC_541\Debug\CyDMA.o .\CortexM0\ARM_GCC_541\Debug\CyLFClk.o .\CortexM0\ARM_GCC_541\Debug\cy_em_eeprom.o .\CortexM0\ARM_GCC_541\Debug\RightBlinker_BTN.o .\CortexM0\ARM_GCC_541\Debug\RightBlinker_BTN_PM.o .\CortexM0\ARM_GCC_541\Debug\LeftBlinker_BTN.o .\CortexM0\ARM_GCC_541\Debug\LeftBlinker_BTN_PM.o .\CortexM0\ARM_GCC_541\Debug\Hazard_BTN.o .\CortexM0\ARM_GCC_541\Debug\Hazard_BTN_PM.o .\CortexM0\ARM_GCC_541\Debug\HeadLights_BTN.o .\CortexM0\ARM_GCC_541\Debug\HeadLights_BTN_PM.o .\CortexM0\ARM_GCC_541\Debug\Brake_SW.o .\CortexM0\ARM_GCC_541\Debug\Brake_SW_PM.o .\CortexM0\ARM_GCC_541\Debug\FrontLeftBlinker.o .\CortexM0\ARM_GCC_541\Debug\FrontLeftBlinker_PM.o .\CortexM0\ARM_GCC_541\Debug\FrontRightBlinker.o .\CortexM0\ARM_GCC_541\Debug\FrontRightBlinker_PM.o .\CortexM0\ARM_GCC_541\Debug\HeadLights.o .\CortexM0\ARM_GCC_541\Debug\HeadLights_PM.o .\CortexM0\ARM_GCC_541\Debug\RearLeftBrake.o .\CortexM0\ARM_GCC_541\Debug\RearLeftBrake_PM.o .\CortexM0\ARM_GCC_541\Debug\RearRightBrake.o .\CortexM0\ARM_GCC_541\Debug\RearRightBrake_PM.o .\CortexM0\ARM_GCC_541\Debug\RearCenterBrake.o .\CortexM0\ARM_GCC_541\Debug\RearCenterBrake_PM.o .\CortexM0\ARM_GCC_541\Debug\Clock.o .\CortexM0\ARM_GCC_541\Debug\RX.o .\CortexM0\ARM_GCC_541\Debug\RX_PM.o .\CortexM0\ARM_GCC_541\Debug\TX.o .\CortexM0\ARM_GCC_541\Debug\TX_PM.o .\CortexM0\ARM_GCC_541\Debug\RightBlinkers.o .\CortexM0\ARM_GCC_541\Debug\RightBlinkers_PM.o .\CortexM0\ARM_GCC_541\Debug\LeftBlinkers.o .\CortexM0\ARM_GCC_541\Debug\LeftBlinkers_PM.o .\CortexM0\ARM_GCC_541\Debug\Brakes.o .\CortexM0\ARM_GCC_541\Debug\Brakes_PM.o .\CortexM0\ARM_GCC_541\Debug\CyBootAsmGnu.o
arm-none-eabi-ar.exe: creating .\CortexM0\ARM_GCC_541\Debug\CAN_BUS.a
arm-none-eabi-gcc.exe -Wl,--start-group -o "C:\Users\Jakob\Documents\School Work\2 - SIUE\2022-23 - Sophomore Year\Spring Semester\ECE 381\Final Lab\CAN BUS\CAN_BUS\CAN_BUS.cydsn\CortexM0\ARM_GCC_541\Debug\CAN_BUS.elf" .\CortexM0\ARM_GCC_541\Debug\main.o .\CortexM0\ARM_GCC_541\Debug\cyfitter_cfg.o .\CortexM0\ARM_GCC_541\Debug\cymetadata.o .\CortexM0\ARM_GCC_541\Debug\Cm0Start.o .\CortexM0\ARM_GCC_541\Debug\CAN_BUS.a -mcpu=cortex-m0 -mthumb -L Generated_Source\PSoC4 -Wl,-Map,.\CortexM0\ARM_GCC_541\Debug/CAN_BUS.map -T Generated_Source\PSoC4\cm0gcc.ld -specs=nano.specs -Wl,--gc-sections -g -ffunction-sections -Og -ffat-lto-objects -Wl,--end-group
cyelftool.exe -C "C:\Users\Jakob\Documents\School Work\2 - SIUE\2022-23 - Sophomore Year\Spring Semester\ECE 381\Final Lab\CAN BUS\CAN_BUS\CAN_BUS.cydsn\CortexM0\ARM_GCC_541\Debug\CAN_BUS.elf" --flash_row_size 128 --flash_size 131072 --flash_offset 0x00000000
No ELF section .cychecksum found, creating one
Application checksum calculated and stored in ELF section .cychecksum
Checksum calculated and stored in ELF section .cymeta
cyelftool.exe -S "C:\Users\Jakob\Documents\School Work\2 - SIUE\2022-23 - Sophomore Year\Spring Semester\ECE 381\Final Lab\CAN BUS\CAN_BUS\CAN_BUS.cydsn\CortexM0\ARM_GCC_541\Debug\CAN_BUS.elf"
Flash used: 5296 of 131072 bytes (4.0%).
SRAM used: 2584 of 16384 bytes (15.8%). Stack: 2048 bytes. Heap: 128 bytes.
--------------- Rebuild Succeeded: 04/27/2023 16:07:35 ---------------
